<?xml version="1.0" encoding="UTF-8"?>
<!-- Generated by org.testng.reporters.JUnitXMLReporter -->
<testsuite ignored="9" hostname="users-MBP" failures="1" tests="1" name="Default test(failed)(failed)" time="12.582" errors="0" timestamp="2021-03-09T17:49:25 CET">
  <testcase classname="com.qa.ispeakbetter.tests.LoginPageTest" name="testLanguageSection" time="1.147">
    <failure type="org.openqa.selenium.ElementClickInterceptedException" message="element click intercepted: Element is not clickable at point (1043, -6)
  (Session info: chrome=89.0.4389.82)
Build info: version: &amp;apos;3.141.59&amp;apos;, revision: &amp;apos;e82be7d358&amp;apos;, time: &amp;apos;2018-11-14T08:17:03&amp;apos;
System info: host: &amp;apos;users-MBP&amp;apos;, ip: &amp;apos;2a02:8109:9c80:5aa8:0:0:0:93aa%en0&amp;apos;, os.name: &amp;apos;Mac OS X&amp;apos;, os.arch: &amp;apos;x86_64&amp;apos;, os.version: &amp;apos;10.16&amp;apos;, java.version: &amp;apos;15.0.1&amp;apos;
Driver info: org.openqa.selenium.chrome.ChromeDriver
Capabilities {acceptInsecureCerts: false, browserName: chrome, browserVersion: 89.0.4389.82, chrome: {chromedriverVersion: 89.0.4389.23 (61b08ee2c5002..., userDataDir: /var/folders/jb/bm4_d32x7gn...}, goog:chromeOptions: {debuggerAddress: localhost:65173}, javascriptEnabled: true, networkConnectionEnabled: false, pageLoadStrategy: normal, platform: MAC, platformName: MAC, proxy: Proxy(), setWindowRect: true, strictFileInteractability: false, timeouts: {implicit: 0, pageLoad: 300000, script: 30000}, unhandledPromptBehavior: dismiss and notify, webauthn:extension:largeBlob: true, webauthn:virtualAuthenticators: true}
Session ID: 1141249bb6f7b2d08b8600f6fd9bbe72">
      <![CDATA[org.openqa.selenium.ElementClickInterceptedException: element click intercepted: Element is not clickable at point (1043, -6)
  (Session info: chrome=89.0.4389.82)
Build info: version: '3.141.59', revision: 'e82be7d358', time: '2018-11-14T08:17:03'
System info: host: 'users-MBP', ip: '2a02:8109:9c80:5aa8:0:0:0:93aa%en0', os.name: 'Mac OS X', os.arch: 'x86_64', os.version: '10.16', java.version: '15.0.1'
Driver info: org.openqa.selenium.chrome.ChromeDriver
Capabilities {acceptInsecureCerts: false, browserName: chrome, browserVersion: 89.0.4389.82, chrome: {chromedriverVersion: 89.0.4389.23 (61b08ee2c5002..., userDataDir: /var/folders/jb/bm4_d32x7gn...}, goog:chromeOptions: {debuggerAddress: localhost:65173}, javascriptEnabled: true, networkConnectionEnabled: false, pageLoadStrategy: normal, platform: MAC, platformName: MAC, proxy: Proxy(), setWindowRect: true, strictFileInteractability: false, timeouts: {implicit: 0, pageLoad: 300000, script: 30000}, unhandledPromptBehavior: dismiss and notify, webauthn:extension:largeBlob: true, webauthn:virtualAuthenticators: true}
Session ID: 1141249bb6f7b2d08b8600f6fd9bbe72
at org.openqa.selenium.remote.http.W3CHttpResponseCodec.createException(W3CHttpResponseCodec.java:187)
at org.openqa.selenium.remote.http.W3CHttpResponseCodec.decode(W3CHttpResponseCodec.java:122)
at org.openqa.selenium.remote.http.W3CHttpResponseCodec.decode(W3CHttpResponseCodec.java:49)
at org.openqa.selenium.remote.HttpCommandExecutor.execute(HttpCommandExecutor.java:158)
at org.openqa.selenium.remote.service.DriverCommandExecutor.execute(DriverCommandExecutor.java:83)
at org.openqa.selenium.remote.RemoteWebDriver.execute(RemoteWebDriver.java:552)
at org.openqa.selenium.remote.RemoteWebElement.execute(RemoteWebElement.java:285)
at org.openqa.selenium.remote.RemoteWebElement.click(RemoteWebElement.java:84)
at com.qa.ispeakbetter.tests.LoginPageTest.testLanguageSection(LoginPageTest.java:122)
at java.base/java.util.ArrayList.forEach(ArrayList.java:1511)
... Removed 32 stack frames]]>
    </failure>
  </testcase> <!-- testLanguageSection -->
  <testcase classname="com.qa.ispeakbetter.tests.LoginPageTest" name="verifyLinkVocablaryBasket" time="0.0">
    <ignored/>
  </testcase> <!-- verifyLinkVocablaryBasket -->
  <testcase classname="com.qa.ispeakbetter.tests.LoginPageTest" name="testSendingKeys" time="0.0">
    <ignored/>
  </testcase> <!-- testSendingKeys -->
  <testcase classname="com.qa.ispeakbetter.tests.LoginPageTest" name="loginTest" time="0.0">
    <ignored/>
  </testcase> <!-- loginTest -->
  <testcase classname="com.qa.ispeakbetter.tests.LoginPageTest" name="verifyGoogleLink" time="0.0">
    <ignored/>
  </testcase> <!-- verifyGoogleLink -->
  <testcase classname="com.qa.ispeakbetter.tests.LoginPageTest" name="verifyTermsandConditions" time="0.0">
    <ignored/>
  </testcase> <!-- verifyTermsandConditions -->
  <testcase classname="com.qa.ispeakbetter.tests.LoginPageTest" name="testTryforFreeSection" time="0.0">
    <ignored/>
  </testcase> <!-- testTryforFreeSection -->
  <testcase classname="com.qa.ispeakbetter.tests.LoginPageTest" name="verifyMainPageTitle" time="0.0">
    <ignored/>
  </testcase> <!-- verifyMainPageTitle -->
  <testcase classname="com.qa.ispeakbetter.tests.LoginPageTest" name="verifyWelcomeMessage" time="0.0">
    <ignored/>
  </testcase> <!-- verifyWelcomeMessage -->
  <testcase classname="com.qa.ispeakbetter.tests.LoginPageTest" name="verifyMainPageURL" time="0.0">
    <ignored/>
  </testcase> <!-- verifyMainPageURL -->
</testsuite> <!-- Default test(failed)(failed) -->
